[debug] [2020-03-21T16:09:07.543Z] ----------------------------------------------------------------------
[debug] [2020-03-21T16:09:07.549Z] Command:       /usr/bin/node /usr/bin/firebase init
[debug] [2020-03-21T16:09:07.549Z] CLI Version:   7.14.0
[debug] [2020-03-21T16:09:07.549Z] Platform:      linux
[debug] [2020-03-21T16:09:07.550Z] Node Version:  v13.9.0
[debug] [2020-03-21T16:09:07.579Z] Time:          Sat Mar 21 2020 23:09:07 GMT+0700 (Indochina Time)
[debug] [2020-03-21T16:09:07.580Z] ----------------------------------------------------------------------
[debug] [2020-03-21T16:09:07.580Z] 
[debug] [2020-03-21T16:09:07.602Z] > command requires scopes: ["email","openid","https://www.googleapis.com/auth/cloudplatformprojects.readonly","https://www.googleapis.com/auth/firebase","https://www.googleapis.com/auth/cloud-platform"]
[debug] [2020-03-21T16:09:07.603Z] > authorizing via signed-in user
[info] 
     ######## #### ########  ######## ########     ###     ######  ########
     ##        ##  ##     ## ##       ##     ##  ##   ##  ##       ##
     ######    ##  ########  ######   ########  #########  ######  ######
     ##        ##  ##    ##  ##       ##     ## ##     ##       ## ##
     ##       #### ##     ## ######## ########  ##     ##  ######  ########

You're about to initialize a Firebase project in this directory:

  /mnt/c/Users/orion/OneDrive/Desktop/repo-phase2-pemantapan/E-commerce/ecommerce_cms

Before we get started, keep in mind:

  * You are currently outside your home directory

